INFO	2022-10-18 11:34:40	MarkDuplicates	

********** NOTE: Picard's command line syntax is changing.
**********
********** For more information, please see:
********** https://github.com/broadinstitute/picard/wiki/Command-Line-Syntax-Transition-For-Users-(Pre-Transition)
**********
********** The command line looks like this in the new syntax:
**********
**********    MarkDuplicates -REMOVE_DUPLICATES true -I NCV29_in_sort_q5.bam -O NCV29_in_sort_q5_noDup.bam -M NCV29_in_sort_q5_metrics.txt
**********


11:34:40.289 INFO  NativeLibraryLoader - Loading libgkl_compression.so from jar:file:/home/lucas/Programs/gatk-4.1.9.0/gatk-package-4.1.9.0-local.jar!/com/intel/gkl/native/libgkl_compression.so
[Tue Oct 18 11:34:40 CEST 2022] MarkDuplicates INPUT=[NCV29_in_sort_q5.bam] OUTPUT=NCV29_in_sort_q5_noDup.bam METRICS_FILE=NCV29_in_sort_q5_metrics.txt REMOVE_DUPLICATES=true    MAX_SEQUENCES_FOR_DISK_READ_ENDS_MAP=50000 MAX_FILE_HANDLES_FOR_READ_ENDS_MAP=8000 SORTING_COLLECTION_SIZE_RATIO=0.25 TAG_DUPLICATE_SET_MEMBERS=false REMOVE_SEQUENCING_DUPLICATES=false TAGGING_POLICY=DontTag CLEAR_DT=true DUPLEX_UMI=false ADD_PG_TAG_TO_READS=true ASSUME_SORTED=false DUPLICATE_SCORING_STRATEGY=SUM_OF_BASE_QUALITIES PROGRAM_RECORD_ID=MarkDuplicates PROGRAM_GROUP_NAME=MarkDuplicates READ_NAME_REGEX=<optimized capture of last three ':' separated fields as numeric values> OPTICAL_DUPLICATE_PIXEL_DISTANCE=100 MAX_OPTICAL_DUPLICATE_SET_SIZE=300000 VERBOSITY=INFO QUIET=false VALIDATION_STRINGENCY=STRICT COMPRESSION_LEVEL=2 MAX_RECORDS_IN_RAM=500000 CREATE_INDEX=false CREATE_MD5_FILE=false GA4GH_CLIENT_SECRETS=client_secrets.json USE_JDK_DEFLATER=false USE_JDK_INFLATER=false
Oct 18, 2022 11:34:40 AM shaded.cloud_nio.com.google.auth.oauth2.ComputeEngineCredentials runningOnComputeEngine
INFO: Failed to detect whether we are running on Google Compute Engine.
[Tue Oct 18 11:34:40 CEST 2022] Executing as lucas@lucas-Precision-Tower-3620 on Linux 4.15.0-193-generic amd64; Java HotSpot(TM) 64-Bit Server VM 13.0.2+8; Deflater: Intel; Inflater: Intel; Provider GCS is available; Picard version: 4.1.9.0
INFO	2022-10-18 11:34:40	MarkDuplicates	Start of doWork freeMemory: 75674952; totalMemory: 104857600; maxMemory: 8413773824
INFO	2022-10-18 11:34:40	MarkDuplicates	Reading input file and constructing read end information.
INFO	2022-10-18 11:34:40	MarkDuplicates	Will retain up to 30484687 data points before spilling to disk.
INFO	2022-10-18 11:34:40	MarkDuplicates	Read 1187 records. 2 pairs never matched.
INFO	2022-10-18 11:34:40	MarkDuplicates	After buildSortedReadEndLists freeMemory: 192750280; totalMemory: 469762048; maxMemory: 8413773824
INFO	2022-10-18 11:34:40	MarkDuplicates	Will retain up to 262930432 duplicate indices before spilling to disk.
INFO	2022-10-18 11:34:41	MarkDuplicates	Traversing read pair information and detecting duplicates.
INFO	2022-10-18 11:34:41	MarkDuplicates	Traversing fragment information and detecting duplicates.
INFO	2022-10-18 11:34:41	MarkDuplicates	Sorting list of duplicate records.
INFO	2022-10-18 11:34:41	MarkDuplicates	After generateDuplicateIndexes freeMemory: 1847528040; totalMemory: 3982491648; maxMemory: 8413773824
INFO	2022-10-18 11:34:41	MarkDuplicates	Marking 0 records as duplicates.
INFO	2022-10-18 11:34:41	MarkDuplicates	Found 0 optical duplicate clusters.
INFO	2022-10-18 11:34:41	MarkDuplicates	Reads are assumed to be ordered by: coordinate
INFO	2022-10-18 11:34:41	MarkDuplicates	Writing complete. Closing input iterator.
INFO	2022-10-18 11:34:41	MarkDuplicates	Duplicate Index cleanup.
INFO	2022-10-18 11:34:41	MarkDuplicates	Getting Memory Stats.
INFO	2022-10-18 11:34:41	MarkDuplicates	Before output close freeMemory: 95236616; totalMemory: 125829120; maxMemory: 8413773824
INFO	2022-10-18 11:34:41	MarkDuplicates	Closed outputs. Getting more Memory Stats.
INFO	2022-10-18 11:34:41	MarkDuplicates	After output close freeMemory: 89745776; totalMemory: 119537664; maxMemory: 8413773824
[Tue Oct 18 11:34:41 CEST 2022] picard.sam.markduplicates.MarkDuplicates done. Elapsed time: 0.02 minutes.
Runtime.totalMemory()=119537664
