Oct-18 16:27:42.897 [main] DEBUG nextflow.cli.Launcher - $> nextflow run -resume parse_csv.nf
Oct-18 16:27:43.104 [main] INFO  nextflow.cli.CmdRun - N E X T F L O W  ~  version 22.04.5
Oct-18 16:27:43.124 [main] DEBUG nextflow.config.ConfigBuilder - Found config local: /mnt/Disc4T/Projects/Miniprojects/Nextflow/First_Pipe/nextflow.config
Oct-18 16:27:43.125 [main] DEBUG nextflow.config.ConfigBuilder - Parsing config file: /mnt/Disc4T/Projects/Miniprojects/Nextflow/First_Pipe/nextflow.config
Oct-18 16:27:43.150 [main] DEBUG nextflow.config.ConfigBuilder - Applying config profile: `standard`
Oct-18 16:27:43.693 [main] DEBUG nextflow.cli.CmdRun - Applied DSL=2 by global default
Oct-18 16:27:43.711 [main] INFO  nextflow.cli.CmdRun - Launching `parse_csv.nf` [angry_davinci] DSL2 - revision: 8c284448fc
Oct-18 16:27:43.723 [main] DEBUG nextflow.plugin.PluginsFacade - Setting up plugin manager > mode=prod; plugins-dir=/home/lucas/.nextflow/plugins; core-plugins: nf-amazon@1.7.2,nf-azure@0.13.2,nf-console@1.0.3,nf-ga4gh@1.0.3,nf-google@1.1.4,nf-sqldb@0.4.0,nf-tower@1.4.0
Oct-18 16:27:43.725 [main] DEBUG nextflow.plugin.PluginsFacade - Plugins default=[]
Oct-18 16:27:43.737 [main] INFO  org.pf4j.DefaultPluginStatusProvider - Enabled plugins: []
Oct-18 16:27:43.738 [main] INFO  org.pf4j.DefaultPluginStatusProvider - Disabled plugins: []
Oct-18 16:27:43.746 [main] INFO  org.pf4j.DefaultPluginManager - PF4J version 3.4.1 in 'deployment' mode
Oct-18 16:27:43.759 [main] INFO  org.pf4j.AbstractPluginManager - No plugins
Oct-18 16:27:43.826 [main] DEBUG nextflow.Session - Session uuid: f41e8563-3367-467e-bf73-10aa8ccce29e
Oct-18 16:27:43.826 [main] DEBUG nextflow.Session - Run name: angry_davinci
Oct-18 16:27:43.827 [main] DEBUG nextflow.Session - Executor pool size: 8
Oct-18 16:27:43.850 [main] DEBUG nextflow.cli.CmdRun - 
  Version: 22.04.5 build 5708
  Created: 15-07-2022 16:09 UTC (18:09 CEST)
  System: Linux 4.15.0-193-generic
  Runtime: Groovy 3.0.10 on Java HotSpot(TM) 64-Bit Server VM 13.0.2+8
  Encoding: UTF-8 (UTF-8)
  Process: 1008@lucas-Precision-Tower-3620 [127.0.1.1]
  CPUs: 8 - Mem: 31.3 GB (17.1 GB) - Swap: 31.9 GB (31.7 GB)
Oct-18 16:27:43.913 [main] DEBUG nextflow.Session - Work-dir: /mnt/Disc4T/Projects/Miniprojects/Nextflow/First_Pipe/work [ext2/ext3]
Oct-18 16:27:43.941 [main] DEBUG nextflow.executor.ExecutorFactory - Extension executors providers=[]
Oct-18 16:27:43.968 [main] DEBUG nextflow.Session - Observer factory: DefaultObserverFactory
Oct-18 16:27:43.986 [main] DEBUG nextflow.cache.CacheFactory - Using Nextflow cache factory: nextflow.cache.DefaultCacheFactory
Oct-18 16:27:43.996 [main] DEBUG nextflow.util.CustomThreadPool - Creating default thread pool > poolSize: 9; maxThreads: 1000
Oct-18 16:27:44.067 [main] DEBUG nextflow.Session - Session start invoked
Oct-18 16:27:44.372 [main] ERROR nextflow.cli.Launcher - Script compilation error
- file : /mnt/Disc4T/Projects/Miniprojects/Nextflow/First_Pipe/parse_csv.nf
- cause: Unexpected input: '{' @ line 22, column 10.
   workflow {
            ^

1 error

