989 reads; of these:
  989 (100.00%) were paired; of these:
    694 (70.17%) aligned concordantly 0 times
    106 (10.72%) aligned concordantly exactly 1 time
    189 (19.11%) aligned concordantly >1 times
    ----
    694 pairs aligned concordantly 0 times; of these:
      1 (0.14%) aligned discordantly 1 time
    ----
    693 pairs aligned 0 times concordantly or discordantly; of these:
      1386 mates make up the pairs; of these:
        1340 (96.68%) aligned 0 times
        9 (0.65%) aligned exactly 1 time
        37 (2.67%) aligned >1 times
32.25% overall alignment rate

973 reads; of these:
  973 (100.00%) were paired; of these:
    179 (18.40%) aligned concordantly 0 times
    532 (54.68%) aligned concordantly exactly 1 time
    262 (26.93%) aligned concordantly >1 times
    ----
    179 pairs aligned concordantly 0 times; of these:
      10 (5.59%) aligned discordantly 1 time
    ----
    169 pairs aligned 0 times concordantly or discordantly; of these:
      338 mates make up the pairs; of these:
        307 (90.83%) aligned 0 times
        11 (3.25%) aligned exactly 1 time
        20 (5.92%) aligned >1 times
84.22% overall alignment rate

939 reads; of these:
  939 (100.00%) were paired; of these:
    783 (83.39%) aligned concordantly 0 times
    57 (6.07%) aligned concordantly exactly 1 time
    99 (10.54%) aligned concordantly >1 times
    ----
    783 pairs aligned concordantly 0 times; of these:
      2 (0.26%) aligned discordantly 1 time
    ----
    781 pairs aligned 0 times concordantly or discordantly; of these:
      1562 mates make up the pairs; of these:
        1525 (97.63%) aligned 0 times
        5 (0.32%) aligned exactly 1 time
        32 (2.05%) aligned >1 times
18.80% overall alignment rate

915 reads; of these:
  915 (100.00%) were paired; of these:
    300 (32.79%) aligned concordantly 0 times
    383 (41.86%) aligned concordantly exactly 1 time
    232 (25.36%) aligned concordantly >1 times
    ----
    300 pairs aligned concordantly 0 times; of these:
      9 (3.00%) aligned discordantly 1 time
    ----
    291 pairs aligned 0 times concordantly or discordantly; of these:
      582 mates make up the pairs; of these:
        560 (96.22%) aligned 0 times
        2 (0.34%) aligned exactly 1 time
        20 (3.44%) aligned >1 times
69.40% overall alignment rate

