INFO	2022-10-18 11:59:55	MarkDuplicates	

********** NOTE: Picard's command line syntax is changing.
**********
********** For more information, please see:
********** https://github.com/broadinstitute/picard/wiki/Command-Line-Syntax-Transition-For-Users-(Pre-Transition)
**********
********** The command line looks like this in the new syntax:
**********
**********    MarkDuplicates -REMOVE_DUPLICATES true -I NCV28_me_sort_q5.bam -O NCV28_me_sort_q5_noDup.bam -M NCV28_me_sort_q5_metrics.txt
**********


11:59:55.160 INFO  NativeLibraryLoader - Loading libgkl_compression.so from jar:file:/home/lucas/Programs/gatk-4.1.9.0/gatk-package-4.1.9.0-local.jar!/com/intel/gkl/native/libgkl_compression.so
[Tue Oct 18 11:59:55 CEST 2022] MarkDuplicates INPUT=[NCV28_me_sort_q5.bam] OUTPUT=NCV28_me_sort_q5_noDup.bam METRICS_FILE=NCV28_me_sort_q5_metrics.txt REMOVE_DUPLICATES=true    MAX_SEQUENCES_FOR_DISK_READ_ENDS_MAP=50000 MAX_FILE_HANDLES_FOR_READ_ENDS_MAP=8000 SORTING_COLLECTION_SIZE_RATIO=0.25 TAG_DUPLICATE_SET_MEMBERS=false REMOVE_SEQUENCING_DUPLICATES=false TAGGING_POLICY=DontTag CLEAR_DT=true DUPLEX_UMI=false ADD_PG_TAG_TO_READS=true ASSUME_SORTED=false DUPLICATE_SCORING_STRATEGY=SUM_OF_BASE_QUALITIES PROGRAM_RECORD_ID=MarkDuplicates PROGRAM_GROUP_NAME=MarkDuplicates READ_NAME_REGEX=<optimized capture of last three ':' separated fields as numeric values> OPTICAL_DUPLICATE_PIXEL_DISTANCE=100 MAX_OPTICAL_DUPLICATE_SET_SIZE=300000 VERBOSITY=INFO QUIET=false VALIDATION_STRINGENCY=STRICT COMPRESSION_LEVEL=2 MAX_RECORDS_IN_RAM=500000 CREATE_INDEX=false CREATE_MD5_FILE=false GA4GH_CLIENT_SECRETS=client_secrets.json USE_JDK_DEFLATER=false USE_JDK_INFLATER=false
Oct 18, 2022 11:59:55 AM shaded.cloud_nio.com.google.auth.oauth2.ComputeEngineCredentials runningOnComputeEngine
INFO: Failed to detect whether we are running on Google Compute Engine.
[Tue Oct 18 11:59:55 CEST 2022] Executing as lucas@lucas-Precision-Tower-3620 on Linux 4.15.0-193-generic amd64; Java HotSpot(TM) 64-Bit Server VM 13.0.2+8; Deflater: Intel; Inflater: Intel; Provider GCS is available; Picard version: 4.1.9.0
INFO	2022-10-18 11:59:55	MarkDuplicates	Start of doWork freeMemory: 75670432; totalMemory: 104857600; maxMemory: 8413773824
INFO	2022-10-18 11:59:55	MarkDuplicates	Reading input file and constructing read end information.
INFO	2022-10-18 11:59:55	MarkDuplicates	Will retain up to 30484687 data points before spilling to disk.
INFO	2022-10-18 11:59:55	MarkDuplicates	Read 281 records. 1 pairs never matched.
INFO	2022-10-18 11:59:55	MarkDuplicates	After buildSortedReadEndLists freeMemory: 199149352; totalMemory: 476053504; maxMemory: 8413773824
INFO	2022-10-18 11:59:55	MarkDuplicates	Will retain up to 262930432 duplicate indices before spilling to disk.
INFO	2022-10-18 11:59:56	MarkDuplicates	Traversing read pair information and detecting duplicates.
INFO	2022-10-18 11:59:56	MarkDuplicates	Traversing fragment information and detecting duplicates.
INFO	2022-10-18 11:59:56	MarkDuplicates	Sorting list of duplicate records.
INFO	2022-10-18 11:59:56	MarkDuplicates	After generateDuplicateIndexes freeMemory: 1853830032; totalMemory: 3988783104; maxMemory: 8413773824
INFO	2022-10-18 11:59:56	MarkDuplicates	Marking 0 records as duplicates.
INFO	2022-10-18 11:59:56	MarkDuplicates	Found 0 optical duplicate clusters.
INFO	2022-10-18 11:59:56	MarkDuplicates	Reads are assumed to be ordered by: coordinate
INFO	2022-10-18 11:59:56	MarkDuplicates	Writing complete. Closing input iterator.
INFO	2022-10-18 11:59:56	MarkDuplicates	Duplicate Index cleanup.
INFO	2022-10-18 11:59:56	MarkDuplicates	Getting Memory Stats.
INFO	2022-10-18 11:59:56	MarkDuplicates	Before output close freeMemory: 104352328; totalMemory: 134217728; maxMemory: 8413773824
INFO	2022-10-18 11:59:56	MarkDuplicates	Closed outputs. Getting more Memory Stats.
INFO	2022-10-18 11:59:56	MarkDuplicates	After output close freeMemory: 83462752; totalMemory: 113246208; maxMemory: 8413773824
[Tue Oct 18 11:59:56 CEST 2022] picard.sam.markduplicates.MarkDuplicates done. Elapsed time: 0.02 minutes.
Runtime.totalMemory()=113246208
Tool returned:
0
